<?xml version="1.0" encoding="utf-8"?><testsuites><testsuite name="pytest" errors="0" failures="0" skipped="0" tests="5" time="36.655" timestamp="2023-11-19T10:46:07.751044" hostname="LAPTOP-N47K40QT"><testcase classname="test_validation.TestOne" name="test_context_menu" time="14.909" /><testcase classname="test_validation.TestOne" name="test_add_remove_element" time="24.925" /><testcase classname="test_validation.TestOne" name="test_dynamic_control_checkbox" time="31.562" /><testcase classname="test_validation.TestOne" name="test_dynamic_control_input_text" time="21.336" /><testcase classname="test_validation.TestOne" name="test_form_authentication" time="17.167" /></testsuite></testsuites>